{"data":{"question":"apakah kamu tahu harga XAUUSDm","hasImage":false},"hypothesisId":"H8","location":"ChatPanel.java:96","sessionId":"546b38","id":"log_1778596935653_443d4f6e","runId":"pre-fix","message":"sendMessage entered","timestamp":1778596935655}
{"data":{"question":"apakah kamu tahu harga XAUUSDm","hasImage":false},"hypothesisId":"H8","location":"ChatPanel.java:96","sessionId":"546b38","id":"log_1778596935653_443d4f6e","runId":"pre-fix","message":"sendMessage entered","timestamp":1778596935655}
{"data":{"useFunctionCalling":true},"hypothesisId":"H9","location":"ChatPanel.java:112","sessionId":"546b38","id":"log_1778596935662_047cedb9","runId":"pre-fix","message":"chat branch chosen","timestamp":1778596935662}
{"data":{"useFunctionCalling":true},"hypothesisId":"H9","location":"ChatPanel.java:112","sessionId":"546b38","id":"log_1778596935662_047cedb9","runId":"pre-fix","message":"chat branch chosen","timestamp":1778596935662}
{"data":{"userMsg":"apakah kamu tahu harga XAUUSDm"},"hypothesisId":"H7","location":"AIClient.java:28","sessionId":"546b38","id":"log_1778596935662_97d7919e","runId":"pre-fix","message":"askWithFunctionCalling entry","timestamp":1778596935662}
{"data":{"userMsg":"apakah kamu tahu harga XAUUSDm"},"hypothesisId":"H7","location":"AIClient.java:28","sessionId":"546b38","id":"log_1778596935662_97d7919e","runId":"pre-fix","message":"askWithFunctionCalling entry","timestamp":1778596935662}
{"data":{"summary":"","price":0},"hypothesisId":"H4","location":"MarketDataProvider.java:7","sessionId":"546b38","id":"log_1778596935694_179cd4d3","runId":"pre-fix","message":"MarketDataProvider resolved price","timestamp":1778596935694}
{"data":{"summary":"","price":0},"hypothesisId":"H4","location":"MarketDataProvider.java:7","sessionId":"546b38","id":"log_1778596935694_179cd4d3","runId":"pre-fix","message":"MarketDataProvider resolved price","timestamp":1778596935694}
{"data":{"marketSnapshot":"Data market belum tersedia. Pastikan EA MT5 sudah mengirim symbol XAUUSDm/GOLD ke /api/market."},"hypothesisId":"H10","location":"AIClient.java:35","sessionId":"546b38","id":"log_1778596935696_f9ea7cd5","runId":"post-fix","message":"Using deterministic market snapshot","timestamp":1778596935696}
{"data":{"marketSnapshot":"Data market belum tersedia. Pastikan EA MT5 sudah mengirim symbol XAUUSDm/GOLD ke /api/market."},"hypothesisId":"H10","location":"AIClient.java:35","sessionId":"546b38","id":"log_1778596935696_f9ea7cd5","runId":"post-fix","message":"Using deterministic market snapshot","timestamp":1778596935696}
{"data":{"marketSnapshot":"Data market belum tersedia. Pastikan EA MT5 sudah mengirim symbol XAUUSDm/GOLD ke /api/market."},"hypothesisId":"H11","location":"AIClient.java:40","sessionId":"546b38","id":"log_1778596935700_482e798f","runId":"post-fix","message":"Returning direct market snapshot response","timestamp":1778596935700}
{"data":{"marketSnapshot":"Data market belum tersedia. Pastikan EA MT5 sudah mengirim symbol XAUUSDm/GOLD ke /api/market."},"hypothesisId":"H11","location":"AIClient.java:40","sessionId":"546b38","id":"log_1778596935700_482e798f","runId":"post-fix","message":"Returning direct market snapshot response","timestamp":1778596935700}
{"data":{"question":"apakah kamu sudah ada data XAUUSDm","hasImage":false},"hypothesisId":"H8","location":"ChatPanel.java:96","sessionId":"546b38","id":"log_1778597419465_b2eca221","runId":"pre-fix","message":"sendMessage entered","timestamp":1778597419468}
{"data":{"question":"apakah kamu sudah ada data XAUUSDm","hasImage":false},"hypothesisId":"H8","location":"ChatPanel.java:96","sessionId":"546b38","id":"log_1778597419465_b2eca221","runId":"pre-fix","message":"sendMessage entered","timestamp":1778597419468}
{"data":{"useFunctionCalling":true},"hypothesisId":"H9","location":"ChatPanel.java:112","sessionId":"546b38","id":"log_1778597419482_1503cced","runId":"pre-fix","message":"chat branch chosen","timestamp":1778597419482}
{"data":{"useFunctionCalling":true},"hypothesisId":"H9","location":"ChatPanel.java:112","sessionId":"546b38","id":"log_1778597419482_1503cced","runId":"pre-fix","message":"chat branch chosen","timestamp":1778597419482}
{"data":{"userMsg":"apakah kamu sudah ada data XAUUSDm"},"hypothesisId":"H7","location":"AIClient.java:28","sessionId":"546b38","id":"log_1778597419482_fc02bbf5","runId":"pre-fix","message":"askWithFunctionCalling entry","timestamp":1778597419482}
{"data":{"userMsg":"apakah kamu sudah ada data XAUUSDm"},"hypothesisId":"H7","location":"AIClient.java:28","sessionId":"546b38","id":"log_1778597419482_fc02bbf5","runId":"pre-fix","message":"askWithFunctionCalling entry","timestamp":1778597419482}
{"data":{"marketSnapshot":"Data market belum tersedia. Pastikan EA MT5 sudah berjalan dan mengirim data XAUUSDm ke server (port 8081)."},"hypothesisId":"H10","location":"AIClient.java:35","sessionId":"546b38","id":"log_1778597419500_0f416269","runId":"post-fix","message":"Using deterministic market snapshot","timestamp":1778597419500}
{"data":{"marketSnapshot":"Data market belum tersedia. Pastikan EA MT5 sudah berjalan dan mengirim data XAUUSDm ke server (port 8081)."},"hypothesisId":"H10","location":"AIClient.java:35","sessionId":"546b38","id":"log_1778597419500_0f416269","runId":"post-fix","message":"Using deterministic market snapshot","timestamp":1778597419500}
{"data":{"marketSnapshot":"Data market belum tersedia. Pastikan EA MT5 sudah berjalan dan mengirim data XAUUSDm ke server (port 8081)."},"hypothesisId":"H11","location":"AIClient.java:40","sessionId":"546b38","id":"log_1778597419500_764bd86d","runId":"post-fix","message":"Returning direct market snapshot response","timestamp":1778597419500}
{"data":{"marketSnapshot":"Data market belum tersedia. Pastikan EA MT5 sudah berjalan dan mengirim data XAUUSDm ke server (port 8081)."},"hypothesisId":"H11","location":"AIClient.java:40","sessionId":"546b38","id":"log_1778597419500_764bd86d","runId":"post-fix","message":"Returning direct market snapshot response","timestamp":1778597419500}
{"data":{"question":"apakah kamu sudah ada data XAUUSDm","hasImage":false},"hypothesisId":"H8","location":"ChatPanel.java:96","sessionId":"546b38","id":"log_1778597928797_4feba8f7","runId":"pre-fix","message":"sendMessage entered","timestamp":1778597928801}
{"data":{"question":"apakah kamu sudah ada data XAUUSDm","hasImage":false},"hypothesisId":"H8","location":"ChatPanel.java:96","sessionId":"546b38","id":"log_1778597928797_4feba8f7","runId":"pre-fix","message":"sendMessage entered","timestamp":1778597928801}
{"data":{"useFunctionCalling":true},"hypothesisId":"H9","location":"ChatPanel.java:112","sessionId":"546b38","id":"log_1778597928818_fe22c492","runId":"pre-fix","message":"chat branch chosen","timestamp":1778597928818}
{"data":{"useFunctionCalling":true},"hypothesisId":"H9","location":"ChatPanel.java:112","sessionId":"546b38","id":"log_1778597928818_fe22c492","runId":"pre-fix","message":"chat branch chosen","timestamp":1778597928818}
{"data":{"userMsg":"apakah kamu sudah ada data XAUUSDm"},"hypothesisId":"H7","location":"AIClient.java:28","sessionId":"546b38","id":"log_1778597928822_b7d8cac9","runId":"pre-fix","message":"askWithFunctionCalling entry","timestamp":1778597928822}
{"data":{"userMsg":"apakah kamu sudah ada data XAUUSDm"},"hypothesisId":"H7","location":"AIClient.java:28","sessionId":"546b38","id":"log_1778597928822_b7d8cac9","runId":"pre-fix","message":"askWithFunctionCalling entry","timestamp":1778597928822}
{"data":{"marketSnapshot":"Harga XAUUSDm saat ini adalah 4672,92."},"hypothesisId":"H10","location":"AIClient.java:35","sessionId":"546b38","id":"log_1778597928832_3d7f09f5","runId":"post-fix","message":"Using deterministic market snapshot","timestamp":1778597928832}
{"data":{"marketSnapshot":"Harga XAUUSDm saat ini adalah 4672,92."},"hypothesisId":"H10","location":"AIClient.java:35","sessionId":"546b38","id":"log_1778597928832_3d7f09f5","runId":"post-fix","message":"Using deterministic market snapshot","timestamp":1778597928832}
{"data":{"marketSnapshot":"Harga XAUUSDm saat ini adalah 4672,92."},"hypothesisId":"H11","location":"AIClient.java:40","sessionId":"546b38","id":"log_1778597928836_c9c7dd6a","runId":"post-fix","message":"Returning direct market snapshot response","timestamp":1778597928836}
{"data":{"marketSnapshot":"Harga XAUUSDm saat ini adalah 4672,92."},"hypothesisId":"H11","location":"AIClient.java:40","sessionId":"546b38","id":"log_1778597928836_c9c7dd6a","runId":"post-fix","message":"Returning direct market snapshot response","timestamp":1778597928836}
{"data":{"question":"analisis kan XAUUSDm","hasImage":false},"hypothesisId":"H8","location":"ChatPanel.java:96","sessionId":"546b38","id":"log_1778602667460_96800ee6","runId":"pre-fix","message":"sendMessage entered","timestamp":1778602667460}
{"data":{"question":"analisis kan XAUUSDm","hasImage":false},"hypothesisId":"H8","location":"ChatPanel.java:96","sessionId":"546b38","id":"log_1778602667460_96800ee6","runId":"pre-fix","message":"sendMessage entered","timestamp":1778602667460}
{"data":{"useFunctionCalling":true},"hypothesisId":"H9","location":"ChatPanel.java:112","sessionId":"546b38","id":"log_1778602667492_dcaa7909","runId":"pre-fix","message":"chat branch chosen","timestamp":1778602667492}
{"data":{"useFunctionCalling":true},"hypothesisId":"H9","location":"ChatPanel.java:112","sessionId":"546b38","id":"log_1778602667492_dcaa7909","runId":"pre-fix","message":"chat branch chosen","timestamp":1778602667492}
{"data":{"userMsg":"analisis kan XAUUSDm"},"hypothesisId":"H7","location":"AIClient.java:28","sessionId":"546b38","id":"log_1778602667492_d377f3cf","runId":"pre-fix","message":"askWithFunctionCalling entry","timestamp":1778602667492}
{"data":{"userMsg":"analisis kan XAUUSDm"},"hypothesisId":"H7","location":"AIClient.java:28","sessionId":"546b38","id":"log_1778602667492_d377f3cf","runId":"pre-fix","message":"askWithFunctionCalling entry","timestamp":1778602667492}
{"data":{"marketSnapshot":"Harga XAUUSDm saat ini adalah 4673,19."},"hypothesisId":"H10","location":"AIClient.java:35","sessionId":"546b38","id":"log_1778602667492_dbb6cc41","runId":"post-fix","message":"Using deterministic market snapshot","timestamp":1778602667492}
{"data":{"marketSnapshot":"Harga XAUUSDm saat ini adalah 4673,19."},"hypothesisId":"H10","location":"AIClient.java:35","sessionId":"546b38","id":"log_1778602667492_dbb6cc41","runId":"post-fix","message":"Using deterministic market snapshot","timestamp":1778602667492}
{"data":{"marketSnapshot":"Harga XAUUSDm saat ini adalah 4673,19."},"hypothesisId":"H11","location":"AIClient.java:40","sessionId":"546b38","id":"log_1778602667492_6a233696","runId":"post-fix","message":"Returning direct market snapshot response","timestamp":1778602667492}
{"data":{"marketSnapshot":"Harga XAUUSDm saat ini adalah 4673,19."},"hypothesisId":"H11","location":"AIClient.java:40","sessionId":"546b38","id":"log_1778602667492_6a233696","runId":"post-fix","message":"Returning direct market snapshot response","timestamp":1778602667492}
